sacct --version
slurm 18.08.3


sinfo --states=idle
PARTITION   AVAIL  TIMELIMIT  NODES  STATE NODELIST
b_test         up    3:00:00      2   idle node[001-002]
b_standard*    up 8-08:00:00     12   idle node[022-023,054,058,061,068-069,086,095-096,117,120]
gpu_test       up    1:00:00      1   idle node127
gpu_p100       up 8-08:00:00      2   idle node[128-129]
gpu_v100       up 8-08:00:00      1   idle node130
gpu_a100       up 8-08:00:00      2   idle node[132,134]
b_fat          up 8-08:00:00      0    n/a
s_test         up    3:00:00      1   idle node141
s_standard     up 8-08:00:00      0    n/a
s_fat          up 8-08:00:00      0    n/a
s_hadoop       up 8-08:00:00      9   idle node[281-289]
s_parallel     up 2-00:00:00     35   idle node[146-154,159-160,293-316]


squeue
             JOBID PARTITION     NAME     USER ST       TIME  NODES NODELIST(REASON)
           1991223     b_fat    HfHep  xi58teb PD       0:00      2 (Resources)
           1989480 b_standar        d  su36pic PD       0:00     15 (QOSMaxNodePerUserLimit)
   1991849_[36-99] b_standar jobTgPro  da36nax PD       0:00      1 (QOSMaxNodePerUserLimit)
           1991205 b_standar    V10LR  ko54hel PD       0:00     16 (Resources)
           1991365 b_standar O4_PMI_C  po76yif PD       0:00      2 (Priority)
           1991364 b_standar O4_PMI_C  po76yif PD       0:00      2 (Priority)
           1991366 b_standar O4_PMI_C  po76yif PD       0:00      2 (Priority)
           1991367 b_standar O4_PMI_C  po76yif PD       0:00      2 (Priority)
           1991454 b_standar       47  ko68vib PD       0:00      1 (Priority)
           1991456 b_standar       47  ko68vib PD       0:00      1 (Priority)
           1991388 b_standar O4_PMI_C  po76yif PD       0:00      2 (Priority)
           1991389 b_standar O4_PMI_C  po76yif PD       0:00      2 (Priority)
           1991390 b_standar O4_PMI_C  po76yif PD       0:00      2 (Priority)
           1991392 b_standar O4_PMI_C  po76yif PD       0:00      2 (Priority)
           1991427 b_standar O4_PMI_C  po76yif PD       0:00      2 (Priority)
           1991422 b_standar O4_PMI_C  po76yif PD       0:00      2 (Priority)
           1991430 b_standar O4_PMI_C  po76yif PD       0:00      2 (Priority)
           1991429 b_standar O4_PMI_C  po76yif PD       0:00      2 (Priority)
           1991434 b_standar O4_PMI_C  po76yif PD       0:00      2 (Priority)
           1991433 b_standar O4_PMI_C  po76yif PD       0:00      2 (Priority)
           1991435 b_standar O4_PMI_C  po76yif PD       0:00      2 (Priority)
           1991436 b_standar O4_PMI_C  po76yif PD       0:00      2 (Priority)
           1991447     b_fat orca_tem  ki87jen PD       0:00      1 (Priority)
           1991499 b_standar MoWSe4_p  po76yif PD       0:00      1 (Priority)
           1991526 s_standar      318  di93niw PD       0:00      4 (QOSMaxNodePerUserLimit)
           1991963 s_standar s2b15k26  de38gik PD       0:00      1 (Resources)
           1991613 b_standar 111N7B1r  su37jov PD       0:00      4 (Priority)
           1991614 b_standar       po  su36pic PD       0:00      5 (Priority)
           1991616 b_standar 111N7B2r  su37jov PD       0:00      4 (Priority)
           1991617 b_standar 111N7B3r  su37jov PD       0:00      4 (Priority)
           1991618 b_standar 111N7B4r  su37jov PD       0:00      4 (Priority)
           1991619 b_standar 111N7B5r  su37jov PD       0:00      4 (Priority)
           1991620 b_standar 111N7B6r  su37jov PD       0:00      4 (Priority)
           1991682 s_standar 9_subset  no63yel PD       0:00      1 (Priority)
           1991683 s_standar 10_subse  no63yel PD       0:00      1 (Priority)
           1991684 s_standar 11_subse  no63yel PD       0:00      1 (Priority)
           1991685 s_standar 12_subse  no63yel PD       0:00      1 (Priority)
           1991686 s_standar 13_subse  no63yel PD       0:00      1 (Priority)
           1991687 s_standar 14_subse  no63yel PD       0:00      1 (Priority)
           1991688 s_standar 15_subse  no63yel PD       0:00      1 (Priority)
           1991689 s_standar 16_subse  no63yel PD       0:00      1 (Priority)
           1991690 s_standar 17_subse  no63yel PD       0:00      1 (Priority)
           1991691 s_standar 18_subse  no63yel PD       0:00      1 (Priority)
           1991692 s_standar 19_subse  no63yel PD       0:00      1 (Priority)
           1991693 s_standar 20_subse  no63yel PD       0:00      1 (Priority)
           1991694 s_standar 21_subse  no63yel PD       0:00      1 (Priority)
           1991695 s_standar 22_subse  no63yel PD       0:00      1 (Priority)
           1991696 s_standar 23_subse  no63yel PD       0:00      1 (Priority)
           1991697 s_standar 24_subse  no63yel PD       0:00      1 (Priority)
           1991698 s_standar 25_subse  no63yel PD       0:00      1 (Priority)
           1991699 s_standar 26_subse  no63yel PD       0:00      1 (Priority)
           1991700 s_standar 27_subse  no63yel PD       0:00      1 (Priority)
           1991701 s_standar 28_subse  no63yel PD       0:00      1 (Priority)
           1991702 s_standar 29_subse  no63yel PD       0:00      1 (Priority)
           1991703 s_standar 30_subse  no63yel PD       0:00      1 (Priority)
           1991704 s_standar 31_subse  no63yel PD       0:00      1 (Priority)
           1991705 s_standar 32_subse  no63yel PD       0:00      1 (Priority)
           1991706 s_standar 33_subse  no63yel PD       0:00      1 (Priority)
           1991707 s_standar 34_subse  no63yel PD       0:00      1 (Priority)
           1991708 s_standar 35_subse  no63yel PD       0:00      1 (Priority)
           1991709 s_standar 36_subse  no63yel PD       0:00      1 (Priority)
           1991710 s_standar 37_subse  no63yel PD       0:00      1 (Priority)
           1991711 s_standar 38_subse  no63yel PD       0:00      1 (Priority)
           1991712 s_standar 39_subse  no63yel PD       0:00      1 (Priority)
           1991681 s_standar 8_subset  no63yel PD       0:00      1 (Priority)
           1991680 s_standar 7_subset  no63yel PD       0:00      1 (Priority)
           1991679 s_standar 6_subset  no63yel PD       0:00      1 (Priority)
           1991628 b_standar asym_000  mu76rom PD       0:00      1 (Priority)
           1991630 b_standar asym_000  mu76rom PD       0:00      1 (Priority)
           1991633 b_standar asym_000  mu76rom PD       0:00      1 (Priority)
           1991826 b_standar       47  ko68vib PD       0:00      1 (Priority)
           1991827 b_standar       47  ko68vib PD       0:00      1 (Priority)
           1991828 b_standar       47  ko68vib PD       0:00      1 (Priority)
           1991829 b_standar       47  ko68vib PD       0:00      1 (Priority)
           1991830 b_standar       47  ko68vib PD       0:00      1 (Priority)
           1991761 s_standar generate  qu36gol PD       0:00      1 (Priority)
           1991767 s_standar generate  qu36gol PD       0:00      1 (Priority)
           1991769 s_standar generate  qu36gol PD       0:00      1 (Priority)
           1991770 s_standar generate  qu36gol PD       0:00      1 (Priority)
           1991777 s_standar generate  qu36gol PD       0:00      1 (Priority)
           1991778 s_standar BFO_DW_L  po76yif PD       0:00      1 (Priority)
           1991780 s_standar     elec  fe82mej PD       0:00      8 (Priority)
           1991781 s_standar O4_PMI_3  po76yif PD       0:00      1 (Priority)
           1991782 s_standar O4_PMI_3  po76yif PD       0:00      1 (Priority)
           1991783 s_standar O4_PMI_c  po76yif PD       0:00      1 (Priority)
           1991784 s_standar ZnO_5lay  po76yif PD       0:00      2 (Priority)
           1991785 s_standar ZnO_5lay  po76yif PD       0:00      2 (Priority)
           1991786 s_standar BFO_DW_L  po76yif PD       0:00      1 (Priority)
           1991787 s_standar   test22  fe82mej PD       0:00      1 (Priority)
           1991788 s_standar   test22  fe82mej PD       0:00      1 (Priority)
           1991789 s_standar   test22  fe82mej PD       0:00      1 (Priority)
           1991790 s_standar MS_K0LKN  matstud PD       0:00      1 (Priority)
           1991791 s_standar MS_K0TLQ  matstud PD       0:00      1 (Priority)
           1991794 b_standar MS_K0WOJ  matstud PD       0:00      2 (Priority)
           1991836 s_standar ZnO_5lay  po76yif PD       0:00      2 (Priority)
           1991905 s_standar       ML  ni86did PD       0:00      1 (Priority)
           1991917     b_fat orca_tem  ki87jen PD       0:00      1 (Priority)
           1991919 b_standar T1012345  su37jov PD       0:00      2 (Priority)
           1991920 b_standar T1012695  su37jov PD       0:00      2 (Priority)
           1991921 b_standar T1023675  su37jov PD       0:00      2 (Priority)
           1991922 b_standar T1045895  su37jov PD       0:00      2 (Priority)
           1991923 b_standar T1245895  su37jov PD       0:00      2 (Priority)
           1991924 b_standar T2012345  su37jov PD       0:00      2 (Priority)
           1991925 b_standar T2014685  su37jov PD       0:00      2 (Priority)
           1991926 b_standar T2014695  su37jov PD       0:00      2 (Priority)
           1991927 b_standar T2014895  su37jov PD       0:00      2 (Priority)
           1991928 b_standar T2025675  su37jov PD       0:00      2 (Priority)
           1991929 b_standar T2035675  su37jov PD       0:00      2 (Priority)
           1991930 b_standar T2135685  su37jov PD       0:00      2 (Priority)
           1991931 b_standar T2235675  su37jov PD       0:00      2 (Priority)
           1991935 b_standar T1012345  su37jov PD       0:00      2 (Priority)
           1991936 b_standar T1012697  su37jov PD       0:00      2 (Priority)
           1991937 b_standar T1023677  su37jov PD       0:00      2 (Priority)
           1991938 b_standar T1045897  su37jov PD       0:00      2 (Priority)
           1991939 b_standar T1245897  su37jov PD       0:00      2 (Priority)
           1991940 b_standar T2012345  su37jov PD       0:00      2 (Priority)
           1991941 b_standar T2014687  su37jov PD       0:00      2 (Priority)
           1991942 b_standar T2014697  su37jov PD       0:00      2 (Priority)
           1991943 b_standar T2014897  su37jov PD       0:00      2 (Priority)
           1991944 b_standar T2025677  su37jov PD       0:00      2 (Priority)
           1991945 b_standar T2035677  su37jov PD       0:00      2 (Priority)
           1991946 b_standar T2135687  su37jov PD       0:00      2 (Priority)
           1991947 b_standar T2235677  su37jov PD       0:00      2 (Priority)
           1991949 b_standar T1012345  su37jov PD       0:00      2 (Priority)
           1991950 b_standar T1012699  su37jov PD       0:00      2 (Priority)
           1991951 b_standar T1023679  su37jov PD       0:00      2 (Priority)
           1991952 b_standar T1045899  su37jov PD       0:00      2 (Priority)
           1991953 b_standar T1245899  su37jov PD       0:00      2 (Priority)
           1991954 b_standar T2012345  su37jov PD       0:00      2 (Priority)
           1991955 b_standar T2014689  su37jov PD       0:00      2 (Priority)
           1991956 b_standar T2014699  su37jov PD       0:00      2 (Priority)
           1991957 b_standar T2014899  su37jov PD       0:00      2 (Priority)
           1991958 b_standar T2025679  su37jov PD       0:00      2 (Priority)
           1991959 b_standar T2035679  su37jov PD       0:00      2 (Priority)
           1991960 b_standar T2135689  su37jov PD       0:00      2 (Priority)
           1991961 b_standar T2235679  su37jov PD       0:00      2 (Priority)
           1989872 s_standar ResNet_s  wi25hoy  R 4-05:00:07      1 node173
           1991632 s_standar generate  ki38xon  R    5:16:27      1 node234
           1991847 s_standar generate  ki38xon  R      20:07      1 node168
           1988053 b_standar  111N7B6  su37jov  R 7-02:43:18      4 node[050,114,116,121]
           1988052 b_standar  111N7B5  su37jov  R 7-06:11:05      4 node[038,048-049,066]
           1989804     b_fat       T4  ye47wiv  R 6-16:11:36      1 node139
           1988051 b_standar  111N7B4  su37jov  R 7-11:16:03      4 node[019,115,118,126]
           1989465 s_standar RanDepic  ce85vof  R 2-08:30:05      1 node166
           1991718 s_standar      CdS  ze87daf  R    3:56:59      2 node[165,263]
           1989479 b_standar       nd  su36pic  R 1-23:03:54     15 node[020-021,031-034,040-041,055-057,087-090]
           1989757 b_standar bameta39  mo63poy  R   23:03:38      4 node[007,028,094,112]
           1989452 s_standar RanDepic  ce85vof  R 3-16:36:54      1 node161
           1989429 b_standar RanDepic  ce85vof  R 5-04:05:05      1 node005
           1989426 s_standar RanDepic  ce85vof  R 5-05:15:09      1 node176
         1991849_1 b_standar jobTgPro  da36nax  R      53:55      1 node008
         1991849_2 b_standar jobTgPro  da36nax  R      53:55      1 node008
         1991849_3 b_standar jobTgPro  da36nax  R      53:55      1 node008
         1991849_4 b_standar jobTgPro  da36nax  R      53:55      1 node008
         1991849_5 b_standar jobTgPro  da36nax  R      53:55      1 node008
         1991849_6 b_standar jobTgPro  da36nax  R      53:55      1 node010
         1991849_7 b_standar jobTgPro  da36nax  R      53:55      1 node010
         1991849_8 b_standar jobTgPro  da36nax  R      53:55      1 node010
         1991849_9 b_standar jobTgPro  da36nax  R      53:55      1 node010
        1991849_10 b_standar jobTgPro  da36nax  R      53:55      1 node017
        1991849_11 b_standar jobTgPro  da36nax  R      53:55      1 node017
        1991849_12 b_standar jobTgPro  da36nax  R      53:55      1 node017
        1991849_13 b_standar jobTgPro  da36nax  R      53:55      1 node017
        1991849_14 b_standar jobTgPro  da36nax  R      53:55      1 node017
        1991849_15 b_standar jobTgPro  da36nax  R      53:55      1 node017
        1991849_16 b_standar jobTgPro  da36nax  R      53:55      1 node042
        1991849_17 b_standar jobTgPro  da36nax  R      53:55      1 node042
        1991849_18 b_standar jobTgPro  da36nax  R      53:55      1 node042
        1991849_19 b_standar jobTgPro  da36nax  R      53:55      1 node042
        1991849_20 b_standar jobTgPro  da36nax  R      53:55      1 node042
        1991849_21 b_standar jobTgPro  da36nax  R      53:55      1 node042
        1991849_22 b_standar jobTgPro  da36nax  R      53:55      1 node042
        1991849_23 b_standar jobTgPro  da36nax  R      53:55      1 node042
        1991849_24 b_standar jobTgPro  da36nax  R      53:55      1 node042
        1991849_25 b_standar jobTgPro  da36nax  R      53:55      1 node042
        1991849_26 b_standar jobTgPro  da36nax  R      53:55      1 node042
        1991849_27 b_standar jobTgPro  da36nax  R      53:55      1 node042
        1991849_28 b_standar jobTgPro  da36nax  R      53:55      1 node052
        1991849_29 b_standar jobTgPro  da36nax  R      53:55      1 node052
        1991849_30 b_standar jobTgPro  da36nax  R      53:55      1 node052
        1991849_31 b_standar jobTgPro  da36nax  R      53:55      1 node052
        1991849_32 b_standar jobTgPro  da36nax  R      53:55      1 node052
        1991849_33 b_standar jobTgPro  da36nax  R      53:55      1 node052
        1991849_34 b_standar jobTgPro  da36nax  R      53:55      1 node052
        1991849_35 b_standar jobTgPro  da36nax  R      53:55      1 node052
         1991849_0 b_standar jobTgPro  da36nax  R      53:56      1 node008
           1990296     s_fat orca_tem  ki87jen  R    5:46:00      1 node272
           1988714 s_standar cmpd_1L_  fo29low  R 7-01:01:39      1 node253
           1990294     s_fat orca_tem  ki87jen  R 1-00:31:31      1 node270
           1990680 b_standar  a6c-inj  re89yow  R    8:03:29     12 node[015,073-075,077-079,104-108]
           1990826 b_standar 62_subse  no63yel  R   14:15:49      1 node098
           1989756 b_standar bameta19  mo63poy  R 4-09:53:32      4 node[059,072,080,097]
           1990820 b_standar 56_subse  no63yel  R   15:58:26      1 node100
           1990816 b_standar 52_subse  no63yel  R   17:34:00      1 node119
           1991165 b_standar submit.s  me42min  R    7:02:15      4 node[035,051,102,111]
           1990814 b_standar 50_subse  no63yel  R   18:25:35      1 node123
           1990488 b_standar     ENG5  mu76rom  R   21:43:48      1 node076
           1990487 b_standar     ENG4  mu76rom  R   22:45:20      1 node109
           1991171 b_standar deaza-2p  fi75caz  R    6:32:18      1 node060
           1991167 b_standar deaza-2p  fi75caz  R    6:53:51      1 node045
           1990486 b_standar     ENG3  mu76rom  R 1-00:56:17      1 node053
           1990274 s_standar SLy_BH_m  mo63poy  R 1-18:41:00      1 node249
           1989659     s_fat    Gea40  ze87daf  R 5-02:45:26      2 node[269,271]
           1990273 s_standar SLy_BH_m  mo63poy  R 1-18:48:57      1 node178
           1990292 s_standar DpqTPA_C  ji39tej  R 1-18:30:25      1 node174
           1990485 b_standar     ENG2  mu76rom  R 1-01:41:22      1 node027
           1990289 s_standar DpqTPA_C  ji39tej  R 1-18:47:26      1 node265
           1990188 s_standar ZnO_5lay  po76yif  R 1-21:38:04      2 node[215,227]
           1990210 s_standar rM-09dos  fu84mov  R 1-21:19:17      1 node223
           1990484 b_standar     ENG1  mu76rom  R 1-02:16:18      1 node064
           1990209 s_standar rM-09pbe  fu84mov  R 1-21:38:04      1 node268
           1990483 b_standar     ENG0  mu76rom  R 1-03:07:54      1 node025
           1990221 b_standar      118  di93niw  R 1-23:03:54      6 node[043-044,081-082,092-093]
           1990345 s_standar SLy_BH_m  mo63poy  R 1-14:45:21      1 node163
           1990377 b_standar b-Ht-CQ_  fo29low  R 1-06:56:31      1 node029
           1991077 b_standar asym_000  mu76rom  R    5:58:55      1 node047
           1990375 b_standar b-Ht-AE_  fo29low  R 1-07:12:31      1 node110
           1990787 b_standar 23_subse  no63yel  R 1-16:51:16      1 node009
           1990778 b_standar 14_subse  no63yel  R 1-21:32:46      1 node101
           1990124 b_standar 5F_charg  ji39tej  R 2-05:07:11      2 node[011,046]
           1990222 s_standar      116  di93niw  R 2-05:09:50      4 node[244,248,254,266]
           1991190 b_standar batch_sc  po76yif  R    5:32:17      1 node136
           1991019 s_standar orca_tem  ki87jen  R 1-03:10:20      1 node194
           1991009 s_standar orca_tem  ki87jen  R 1-05:05:39      1 node260
           1991134 s_standar  she_cpj  ne34lij  R 1-14:14:55      1 node169
           1991124 s_standar    0p0s1  mi37fud  R 1-23:19:32      1 node262
           1989326 s_standar DpqTPA_C  ji39tej  R 6-18:28:11      1 node183
           1989332 s_standar MS1b_BH_  mo63poy  R 6-18:25:14      1 node182
           1991717 b_standar     bash  mi37fud  R    4:50:19      1 node010
           1989633 s_standar      115  di93niw  R 6-09:39:38      4 node[202-203,206-207]
           1991097 s_standar    right  su36pic  R 1-01:24:40     10 node[172,189,209,213,226,231-232,237,242-243]
           1991123 s_standar   0p25s1  mi37fud  R 2-03:08:16      1 node262
           1991096 s_standar     left  su36pic  R 1-03:10:20     10 node[204-205,210,224-225,255-259]
           1989946 b_standar asym_000  mu76rom  R 3-03:20:15      1 node124
           1991604 b_standar 4hf_chai  pe96yeq  R    5:27:37      1 node065
           1991277 b_standar 5F_charg  ji39tej  R    4:53:53      2 node[018,026]
           1989936 b_standar asym_000  mu76rom  R 3-04:47:05      1 node014
           1989937 b_standar asym_000  mu76rom  R 3-04:47:35      1 node091
           1989942 b_standar asym_000  mu76rom  R 3-04:47:05      1 node024
           1989935 b_standar asym_000  mu76rom  R 3-05:50:27      1 node099
           1989710 s_standar ty_star1  mo63poy  R 6-04:10:01      1 node228
           1989018 b_standar cmpd_1L_  fo29low  R 8-04:32:45      1 node006
           1989024 b_standar  cmpd_3L  fo29low  R 8-04:26:24      1 node083
           1989027 b_standar b-Ht-AE_  fo29low  R 8-04:26:24      1 node084
           1989020 b_standar cmpd_nL_  fo29low  R 8-04:30:14      1 node004
           1989019 b_standar cmpd_1L_  fo29low  R 8-04:31:45      1 node003
           1989028 b_standar b-Ht-DU1  fo29low  R 8-04:26:24      1 node085
           1989017 b_standar cmpd_3L_  fo29low  R 8-06:12:02      1 node125
           1989015 b_standar b-Ht_-MQ  fo29low  R 8-06:34:06      1 node122
           1989755 b_standar bameta06  mo63poy  R 6-04:51:36      4 node[036-037,063,071]
           1991524 s_standar     1110  di93niw  R    3:40:12      4 node[195,198,201,212]
           1991490 s_standar Ni-P-arg  nu67tey  R   21:55:20      1 node236
           1989917 b_standar asym_000  mu76rom  R 3-12:28:22      1 node113
           1989914 b_standar asym_000  mu76rom  R 3-12:33:23      1 node039
           1990697 b_standar NbSe2_Re  di86kiq  R 3-03:52:23      1 node052
           1990685 b_standar NbSe2_Re  di86kiq  R 3-04:02:42      1 node016
           1991523 s_standar      212  di93niw  R    7:16:34      4 node[211,214,221,245]
           1991522 s_standar      118  di93niw  R    8:08:27      4 node[188,190,238,264]
           1991521 s_standar      116  di93niw  R    9:18:05      4 node[199,222,233,240]
           1991153 s_paralle   un-Cu1  wa86jof  R 1-15:11:15      4 node[155-158]
           1991758 s_standar MoWSe_me  di86kiq  R    2:54:27      2 node[180,186]
           1989591 b_standar asym_000  mu76rom  R 6-18:55:38      1 node013
           1989754 b_standar bameta0_  mo63poy  R 6-13:14:24      4 node[030,062,070,103]
           1991360 s_standar s2b50k25  de38gik  R 1-01:08:16      1 node267
           1991290 s_standar DpqTPA_C  ji39tej  R   20:53:16      1 node187
           1991596 s_standar s2b35d48  de38gik  R   15:51:34      1 node247
           1991595 s_standar s2b35d48  de38gik  R   15:52:18      1 node208
           1991594 s_standar s2b35d96  de38gik  R   15:54:20      1 node192
           1991932 s_standar s2b30k25  de38gik  R       0:03      1 node219
           1991934 s_standar s2b15d64  de38gik  R       0:02      1 node179
           1991349 s_standar O4_PDE_v  po76yif  R   20:51:32      1 node252
           1991678 s_standar 5_subset  no63yel  R    1:06:04      1 node193
           1991676 s_standar 3_subset  no63yel  R    1:06:46      1 node170
           1991677 s_standar 4_subset  no63yel  R    1:06:46      1 node184
           1991675 s_standar 2_subset  no63yel  R    1:07:02      1 node246
           1991674 s_standar 1_subset  no63yel  R    1:08:34      1 node241
           1991444 s_standar    r3.sh  fu84mov  R   20:43:36      1 node235
           1991520 s_standar      115  di93niw  R   17:07:18      4 node[171,185,217,220]
           1991452 s_standar r3_m3.sh  fu84mov  R   20:41:33      1 node164
           1991164  gpu_a100 Con_Ray_  lu72hip  R 2-01:02:40      1 node131
           1991497 s_standar PTE_augc  po76yif  R   18:29:13      2 node[181,261]
           1991495 s_standar PTE_augc  po76yif  R   18:58:04      2 node[216,251]
           1991496 s_standar PTE_augc  po76yif  R   18:57:54      2 node[197,200]
           1989802 b_standar cmpd_nL_  fo29low  R 6-13:28:06      1 node067
           1991494 s_standar PTE_augc  po76yif  R   19:04:33      2 node[162,230]
           1991493 s_standar PTE_augc  po76yif  R   19:20:11      2 node[167,175]
           1991589  gpu_a100 Con_Ray_  lu72hip  R   16:58:51      1 node133
           1991673 s_standar 0_subset  no63yel  R    4:59:03      1 node239
           1991627 s_standar    r2.sh  fu84mov  R    5:29:18      1 node229
           1991624 s_standar    r4.sh  fu84mov  R    5:33:35      1 node218
           1991623 s_standar r3_m1.sh  fu84mov  R    5:34:01      1 node196
           1991621 s_standar    r1.sh  fu84mov  R    5:35:11      1 node177
           1991291 s_paralle DpqTPA_C  ji39tej  R 1-04:42:37      4 node[142-145]
           1991250     b_fat orca_tem  ki87jen  R 1-06:00:44      1 node138
           1990322     b_fat fancy_g1  zo58jib  R 3-20:16:03      1 node137
           1990321     b_fat fancy_g1  zo58jib  R 3-20:16:29      1 node140
           1989824 b_standar b-Ht_2_C  fo29low  R 5-20:14:28      1 node012



salloc -p  s_hadoop --time=0:10:00 --mem=2M --nodes=2 --cpus-per-task=2 -J job.sh -n 3
salloc: Granted job allocation 1991964
salloc: Waiting for resource configuration
salloc: Nodes node[281-282] are ready for job

squeue -u ni57qip
             JOBID PARTITION     NAME     USER ST       TIME  NODES NODELIST(REASON)
           1991964  s_hadoop   job.sh  ni57qip  R       0:31      2 node[281-282]

scancel 1991964
salloc: Job allocation 1991964 has been revoked.



squeue -u ni57qip
             JOBID PARTITION     NAME     USER ST       TIME  NODES NODELIST(REASON)





